Using pre-set license
Built from '2020.3/staging' branch; Version is '2020.3.3f1 (76626098c1c4) revision 7758432'; Using compiler version '192528614'; Build Type 'Release'
OS: 'Windows 10 Pro; OS build 18363.535; Version 1909; 64bit' Language: 'ru' Physical Memory: 16266 MB
BatchMode: 1, IsHumanControllingUs: 0, StartBugReporterOnCrash: 0, Is64bit: 1, IsPro: 0

 COMMAND LINE ARGUMENTS:
D:\Unity\2020.3.2f1\Editor\Unity.exe
-adb2
-batchMode
-noUpm
-name
AssetImportWorker0
-projectPath
D:/Unity/Projects/Test
-logFile
Logs/AssetImportWorker0.log
-srvPort
64238
Successfully changed project path to: D:/Unity/Projects/Test
D:/Unity/Projects/Test
Using Asset Import Pipeline V2.
Refreshing native plugins compatible for Editor in 22.19 ms, found 0 plugins.
Preloading 0 native plugins for Editor in 0.00 ms.
Initialize engine version: 2020.3.3f1 (76626098c1c4)
[Subsystems] Discovering subsystems at path D:/Unity/2020.3.2f1/Editor/Data/Resources/UnitySubsystems
[Subsystems] Discovering subsystems at path D:/Unity/Projects/Test/Assets
GfxDevice: creating device client; threaded=0
Direct3D:
    Version:  Direct3D 11.0 [level 11.1]
    Renderer: NVIDIA GeForce GTX 1050 (ID=0x1c8d)
    Vendor:   
    VRAM:     4021 MB
    Driver:   26.21.14.4166
Initialize mono
Mono path[0] = 'D:/Unity/2020.3.2f1/Editor/Data/Managed'
Mono path[1] = 'D:/Unity/2020.3.2f1/Editor/Data/MonoBleedingEdge/lib/mono/unityjit'
Mono config path = 'D:/Unity/2020.3.2f1/Editor/Data/MonoBleedingEdge/etc'
Using monoOptions --debugger-agent=transport=dt_socket,embedding=1,server=y,suspend=n,address=127.0.0.1:56764
Begin MonoManager ReloadAssembly
Registering precompiled unity dll's ...
Register platform support module: D:/Unity/2020.3.2f1/Editor/Data/PlaybackEngines/WindowsStandaloneSupport/UnityEditor.WindowsStandalone.Extensions.dll
Registered in 0.000893 seconds.
Native extension for WindowsStandalone target not found
Refreshing native plugins compatible for Editor in 24.29 ms, found 0 plugins.
Preloading 0 native plugins for Editor in 0.00 ms.
Invoked RoslynAnalysisRunner static constructor.
RoslynAnalysisRunner will not be running.
RoslynAnalysisRunner has terminated.
Mono: successfully reloaded assembly
- Completed reload, in  0.936 seconds
Platform modules already initialized, skipping
Registering precompiled user dll's ...
Registered in 0.000492 seconds.
Begin MonoManager ReloadAssembly
Native extension for WindowsStandalone target not found
Refreshing native plugins compatible for Editor in 0.19 ms, found 0 plugins.
Preloading 0 native plugins for Editor in 0.00 ms.
Invoked RoslynAnalysisRunner static constructor.
RoslynAnalysisRunner will not be running.
RoslynAnalysisRunner has terminated.
Mono: successfully reloaded assembly
- Completed reload, in  0.820 seconds
Platform modules already initialized, skipping
========================================================================
Worker process is ready to serve import requests
Launched and connected shader compiler UnityShaderCompiler.exe after 0.05 seconds
Refreshing native plugins compatible for Editor in 0.19 ms, found 0 plugins.
Preloading 0 native plugins for Editor in 0.00 ms.
Unloading 1115 Unused Serialized files (Serialized files now loaded: 0)
System memory in use before: 57.0 MB.
System memory in use after: 57.1 MB.

Unloading 10 unused Assets to reduce memory usage. Loaded Objects now: 1557.
Total: 1.664000 ms (FindLiveObjects: 0.144600 ms CreateObjectMapping: 0.044300 ms MarkObjects: 1.399400 ms  DeleteObjects: 0.074400 ms)

========================================================================
Received Import Request.
  path: Assets/Scenes
  artifactKey: Guid(cbe58e3bc9a767f41a3eed876c17461f) Importer(815301076,1909f56bfc062723c751e8b465ee728b)
Start importing Assets/Scenes using Guid(cbe58e3bc9a767f41a3eed876c17461f) Importer(815301076,1909f56bfc062723c751e8b465ee728b)  -> (artifact id: '0c9e1b116226438e4c74f70286318930') in 0.040442 seconds
  Import took 0.042128 seconds .

========================================================================
Received Import Request.
  Time since last request: 0.000316 seconds.
  path: Assets/Scenes/SampleScene.unity
  artifactKey: Guid(9fc0d4010bbf28b4594072e72b8655ab) Importer(815301076,1909f56bfc062723c751e8b465ee728b)
Start importing Assets/Scenes/SampleScene.unity using Guid(9fc0d4010bbf28b4594072e72b8655ab) Importer(815301076,1909f56bfc062723c751e8b465ee728b)  -> (artifact id: 'f5c2f2c2a1bc51d97acb4e2643276eeb') in 0.041053 seconds
  Import took 0.042948 seconds .

========================================================================
Received Import Request.
  Time since last request: 11.817812 seconds.
  path: Assets/Scenes/Scene 0.unity
  artifactKey: Guid(9fc0d4010bbf28b4594072e72b8655ab) Importer(815301076,1909f56bfc062723c751e8b465ee728b)
Start importing Assets/Scenes/Scene 0.unity using Guid(9fc0d4010bbf28b4594072e72b8655ab) Importer(815301076,1909f56bfc062723c751e8b465ee728b)  -> (artifact id: '05b7122ca9da28fd4662ab9bd62c4142') in 0.027925 seconds
  Import took 0.029848 seconds .

========================================================================
Received Import Request.
  Time since last request: 631.280066 seconds.
  path: Assets
  artifactKey: Guid(00000000000000001000000000000000) Importer(815301076,1909f56bfc062723c751e8b465ee728b)
Start importing Assets using Guid(00000000000000001000000000000000) Importer(815301076,1909f56bfc062723c751e8b465ee728b)  -> (artifact id: 'b2e0e235c0f4af3754229b664788db90') in 0.026034 seconds
  Import took 0.028313 seconds .

========================================================================
Received Import Request.
  Time since last request: 2328.495194 seconds.
  path: Assets/SampleScenes/Prefabs/BoxPile.prefab
  artifactKey: Guid(ff3366103894bec429eeaa9b86b595e6) Importer(815301076,1909f56bfc062723c751e8b465ee728b)
Start importing Assets/SampleScenes/Prefabs/BoxPile.prefab using Guid(ff3366103894bec429eeaa9b86b595e6) Importer(815301076,1909f56bfc062723c751e8b465ee728b)  -> (artifact id: '0628f68785ca8d6a6d1f5076abad2d27') in 0.253660 seconds
  Import took 0.255975 seconds .

========================================================================
Received Import Request.
  Time since last request: 0.895671 seconds.
  path: Assets/SampleScenes/Prefabs/BoxSmall.prefab
  artifactKey: Guid(75c27bf47f501a74fa5723911612c226) Importer(815301076,1909f56bfc062723c751e8b465ee728b)
Start importing Assets/SampleScenes/Prefabs/BoxSmall.prefab using Guid(75c27bf47f501a74fa5723911612c226) Importer(815301076,1909f56bfc062723c751e8b465ee728b)  -> (artifact id: '3bb2004d81926cb54e3638ffe737e8a1') in 0.032100 seconds
  Import took 0.034554 seconds .

========================================================================
Received Import Request.
  Time since last request: 0.733188 seconds.
  path: Assets/SampleScenes/Prefabs/CameraSwitchUI.prefab
  artifactKey: Guid(b3495d363d7ccba40bc3e92c1a184e28) Importer(815301076,1909f56bfc062723c751e8b465ee728b)
Start importing Assets/SampleScenes/Prefabs/CameraSwitchUI.prefab using Guid(b3495d363d7ccba40bc3e92c1a184e28) Importer(815301076,1909f56bfc062723c751e8b465ee728b)  -> (artifact id: '72ad4baf96188a534613198935ed0f9b') in 0.040618 seconds
  Import took 0.042478 seconds .

========================================================================
Received Import Request.
  Time since last request: 3.124553 seconds.
  path: Assets/SampleScenes/Prefabs/GroundRunway.prefab
  artifactKey: Guid(00690c0e075198740bd736a4731c7a90) Importer(815301076,1909f56bfc062723c751e8b465ee728b)
Start importing Assets/SampleScenes/Prefabs/GroundRunway.prefab using Guid(00690c0e075198740bd736a4731c7a90) Importer(815301076,1909f56bfc062723c751e8b465ee728b)  -> (artifact id: 'aae863bdf20e77745cae5b9d0b3cb8c8') in 0.145479 seconds
  Import took 0.147549 seconds .

========================================================================
Received Import Request.
  Time since last request: 0.868831 seconds.
  path: Assets/SampleScenes/Prefabs/GroundTrack.prefab
  artifactKey: Guid(f7afdcb1eabdee54790f55f84e3e4ac8) Importer(815301076,1909f56bfc062723c751e8b465ee728b)
Start importing Assets/SampleScenes/Prefabs/GroundTrack.prefab using Guid(f7afdcb1eabdee54790f55f84e3e4ac8) Importer(815301076,1909f56bfc062723c751e8b465ee728b)  -> (artifact id: 'a6c3c1956258b508a9fd57b5ccf0f7d7') in 0.042685 seconds
  Import took 0.044755 seconds .

========================================================================
Received Import Request.
  Time since last request: 3.680011 seconds.
  path: Assets/SampleScenes/Prefabs/Loop.prefab
  artifactKey: Guid(a2dd655bfef0f0849a2c33d8fb4a029c) Importer(815301076,1909f56bfc062723c751e8b465ee728b)
Start importing Assets/SampleScenes/Prefabs/Loop.prefab using Guid(a2dd655bfef0f0849a2c33d8fb4a029c) Importer(815301076,1909f56bfc062723c751e8b465ee728b)  -> (artifact id: 'a2d63ae1a06602b4aac64a028acfd3e5') in 0.012978 seconds
  Import took 0.014894 seconds .

========================================================================
Received Import Request.
  Time since last request: 0.003698 seconds.
  path: Assets/SampleScenes/Prefabs/Loop.prefab
  artifactKey: Guid(a2dd655bfef0f0849a2c33d8fb4a029c) Importer(815301076,1909f56bfc062723c751e8b465ee728b)
Start importing Assets/SampleScenes/Prefabs/Loop.prefab using Guid(a2dd655bfef0f0849a2c33d8fb4a029c) Importer(815301076,1909f56bfc062723c751e8b465ee728b)  -> (artifact id: 'a2d63ae1a06602b4aac64a028acfd3e5') in 0.009271 seconds
  Import took 0.011195 seconds .

========================================================================
Received Import Request.
  Time since last request: 2.236196 seconds.
  path: Assets/SampleScenes/Prefabs/ResetterUI.prefab
  artifactKey: Guid(28e490010bed5ea47a8a69e81bdd0c1c) Importer(815301076,1909f56bfc062723c751e8b465ee728b)
Start importing Assets/SampleScenes/Prefabs/ResetterUI.prefab using Guid(28e490010bed5ea47a8a69e81bdd0c1c) Importer(815301076,1909f56bfc062723c751e8b465ee728b)  -> (artifact id: 'a9daeb360a45e0ca11a6cda11f6b909b') in 0.025635 seconds
  Import took 0.027660 seconds .

========================================================================
Received Import Request.
  Time since last request: 2.398952 seconds.
  path: Assets/SampleScenes/Models/Cube.fbx
  artifactKey: Guid(ef6178546f77bc546af127fb4c56da0c) Importer(815301076,1909f56bfc062723c751e8b465ee728b)
Start importing Assets/SampleScenes/Models/Cube.fbx using Guid(ef6178546f77bc546af127fb4c56da0c) Importer(815301076,1909f56bfc062723c751e8b465ee728b)  -> (artifact id: 'df3f2c9af6dadde1f47bc0caf9b0fdbc') in 0.062268 seconds
  Import took 0.064714 seconds .

========================================================================
Received Import Request.
  Time since last request: 8.855191 seconds.
  path: Assets/SampleScenes/Menu
  artifactKey: Guid(48e4338a7d01577458bb723e3514edf1) Importer(815301076,1909f56bfc062723c751e8b465ee728b)
Start importing Assets/SampleScenes/Menu using Guid(48e4338a7d01577458bb723e3514edf1) Importer(815301076,1909f56bfc062723c751e8b465ee728b)  -> (artifact id: '8b2a8365fcfeeeadde97ef616e31ddbf') in 0.005453 seconds
  Import took 0.007507 seconds .

========================================================================
Received Import Request.
  Time since last request: 1.036218 seconds.
  path: Assets/SampleScenes/Menu/Prefabs
  artifactKey: Guid(6885cbce09c6042ca97c42a227ef1b63) Importer(815301076,1909f56bfc062723c751e8b465ee728b)
Start importing Assets/SampleScenes/Menu/Prefabs using Guid(6885cbce09c6042ca97c42a227ef1b63) Importer(815301076,1909f56bfc062723c751e8b465ee728b)  -> (artifact id: '9628be807bd5586f49d69186e37d0dc7') in 0.025158 seconds
  Import took 0.027380 seconds .

========================================================================
Received Import Request.
  Time since last request: 2.158147 seconds.
  path: Assets/SampleScenes/Menu/Prefabs/MainMenuLoader.prefab
  artifactKey: Guid(9d86e6c6b9ce74f9ab00b6c214035130) Importer(815301076,1909f56bfc062723c751e8b465ee728b)
Start importing Assets/SampleScenes/Menu/Prefabs/MainMenuLoader.prefab using Guid(9d86e6c6b9ce74f9ab00b6c214035130) Importer(815301076,1909f56bfc062723c751e8b465ee728b)  -> (artifact id: '7353bebfe1c49ba3641f2d40f3a8ec4c') in 0.025324 seconds
  Import took 0.027281 seconds .

========================================================================
Received Import Request.
  Time since last request: 1.708745 seconds.
  path: Assets/SampleScenes/Menu/Prefabs/MainMenuUI.prefab
  artifactKey: Guid(2c438794b43b9534189eff0d7d79335a) Importer(815301076,1909f56bfc062723c751e8b465ee728b)
Start importing Assets/SampleScenes/Menu/Prefabs/MainMenuUI.prefab using Guid(2c438794b43b9534189eff0d7d79335a) Importer(815301076,1909f56bfc062723c751e8b465ee728b)  -> (artifact id: '294d7ee82dbbfb0ee8d5a63f51635f7c') in 0.041577 seconds
  Import took 0.043907 seconds .

========================================================================
Received Import Request.
  Time since last request: 25.481246 seconds.
  path: Assets/New Terrain.asset
  artifactKey: Guid(b806a6163d3cf2549b88649be12c5ea0) Importer(815301076,1909f56bfc062723c751e8b465ee728b)
Start importing Assets/New Terrain.asset using Guid(b806a6163d3cf2549b88649be12c5ea0) Importer(815301076,1909f56bfc062723c751e8b465ee728b)  -> (artifact id: '3881d816591af97e51c4f5338c3a1821') in 0.034402 seconds
  Import took 0.036334 seconds .

========================================================================
Received Import Request.
  Time since last request: 27.253650 seconds.
  path: Assets/Standard Assets/Characters
  artifactKey: Guid(8c32f58513a41ef4dab9cb7704c5fb92) Importer(815301076,1909f56bfc062723c751e8b465ee728b)
Start importing Assets/Standard Assets/Characters using Guid(8c32f58513a41ef4dab9cb7704c5fb92) Importer(815301076,1909f56bfc062723c751e8b465ee728b)  -> (artifact id: 'f1af78f8669e08392bfbbbf5fab0cc57') in 0.024465 seconds
  Import took 0.026774 seconds .

========================================================================
Received Import Request.
  Time since last request: 6.769203 seconds.
  path: Assets/Standard Assets/Characters/FirstPersonCharacter/Prefabs/FPSController.prefab
  artifactKey: Guid(5e9e851c0e142814dac026a256ba2ac0) Importer(815301076,1909f56bfc062723c751e8b465ee728b)
Start importing Assets/Standard Assets/Characters/FirstPersonCharacter/Prefabs/FPSController.prefab using Guid(5e9e851c0e142814dac026a256ba2ac0) Importer(815301076,1909f56bfc062723c751e8b465ee728b)  -> (artifact id: '9a2238207539912e8d0abb6a39c4649d') in 0.027831 seconds
  Import took 0.029804 seconds .

========================================================================
Received Import Request.
  Time since last request: 2.346990 seconds.
  path: Assets/Standard Assets/Characters/FirstPersonCharacter/Prefabs/RigidBodyFPSController.prefab
  artifactKey: Guid(c6453f8e1f814744d8b94e5a6d1f9942) Importer(815301076,1909f56bfc062723c751e8b465ee728b)
Start importing Assets/Standard Assets/Characters/FirstPersonCharacter/Prefabs/RigidBodyFPSController.prefab using Guid(c6453f8e1f814744d8b94e5a6d1f9942) Importer(815301076,1909f56bfc062723c751e8b465ee728b)  -> (artifact id: '59b9b77298c9b2b09623b77c3105f999') in 0.026679 seconds
  Import took 0.028794 seconds .

========================================================================
Received Import Request.
  Time since last request: 7.829517 seconds.
  path: Assets/Standard Assets/Characters/FirstPersonCharacter/Prefabs
  artifactKey: Guid(0bfb2599080d5d24e84362b4ae314ae7) Importer(815301076,1909f56bfc062723c751e8b465ee728b)
Start importing Assets/Standard Assets/Characters/FirstPersonCharacter/Prefabs using Guid(0bfb2599080d5d24e84362b4ae314ae7) Importer(815301076,1909f56bfc062723c751e8b465ee728b)  -> (artifact id: 'c9cce6deaa2c5ebd5c5166067a1536d5') in 0.023403 seconds
  Import took 0.025165 seconds .

========================================================================
Received Import Request.
  Time since last request: 128.832069 seconds.
  path: Assets/Standard Assets/Utility/SimpleActivatorMenu.cs
  artifactKey: Guid(69b69a5b0e0a85b4aa97a7edc40c37d1) Importer(815301076,1909f56bfc062723c751e8b465ee728b)
Start importing Assets/Standard Assets/Utility/SimpleActivatorMenu.cs using Guid(69b69a5b0e0a85b4aa97a7edc40c37d1) Importer(815301076,1909f56bfc062723c751e8b465ee728b)  -> (artifact id: '64c5b599ff1f245125663ef16820fe3f') in 0.027217 seconds
  Import took 0.029505 seconds .

========================================================================
Received Import Request.
  Time since last request: 19.671414 seconds.
  path: Assets/Standard Assets/Utility
  artifactKey: Guid(4539eb30e895bbb41b5eae6df2dde978) Importer(815301076,1909f56bfc062723c751e8b465ee728b)
Start importing Assets/Standard Assets/Utility using Guid(4539eb30e895bbb41b5eae6df2dde978) Importer(815301076,1909f56bfc062723c751e8b465ee728b)  -> (artifact id: '27f02b2c917efd2d28d9a81f83979e11') in 0.024020 seconds
  Import took 0.025944 seconds .

========================================================================
Received Import Request.
  Time since last request: 2.698315 seconds.
  path: Assets/SampleScenes
  artifactKey: Guid(3d8829ac873af27488b1412b8db301ab) Importer(815301076,1909f56bfc062723c751e8b465ee728b)
Start importing Assets/SampleScenes using Guid(3d8829ac873af27488b1412b8db301ab) Importer(815301076,1909f56bfc062723c751e8b465ee728b)  -> (artifact id: 'd1e075fab07d1ac1bbba3d35c679a83d') in 0.025383 seconds
  Import took 0.027437 seconds .

========================================================================
Received Import Request.
  Time since last request: 2.969982 seconds.
  path: Assets/Standard Assets
  artifactKey: Guid(c6195a43a0187a34e9c6be23520d3766) Importer(815301076,1909f56bfc062723c751e8b465ee728b)
Start importing Assets/Standard Assets using Guid(c6195a43a0187a34e9c6be23520d3766) Importer(815301076,1909f56bfc062723c751e8b465ee728b)  -> (artifact id: '426a28e3a63a1c2bd812a38c23e97577') in 0.023601 seconds
  Import took 0.025481 seconds .

========================================================================
Received Prepare
Registering precompiled user dll's ...
Registered in 0.000473 seconds.
Begin MonoManager ReloadAssembly
Native extension for WindowsStandalone target not found
Refreshing native plugins compatible for Editor in 0.24 ms, found 0 plugins.
Preloading 0 native plugins for Editor in 0.00 ms.
Invoked RoslynAnalysisRunner static constructor.
RoslynAnalysisRunner will not be running.
RoslynAnalysisRunner has terminated.
Mono: successfully reloaded assembly
- Completed reload, in  0.765 seconds
Platform modules already initialized, skipping
Refreshing native plugins compatible for Editor in 0.34 ms, found 0 plugins.
Preloading 0 native plugins for Editor in 0.00 ms.
Unloading 1110 Unused Serialized files (Serialized files now loaded: 0)
System memory in use before: 61.6 MB.
System memory in use after: 61.2 MB.

Unloading 7 unused Assets to reduce memory usage. Loaded Objects now: 1573.
Total: 1.916100 ms (FindLiveObjects: 0.115900 ms CreateObjectMapping: 0.032500 ms MarkObjects: 1.370700 ms  DeleteObjects: 0.396300 ms)

========================================================================
Received Prepare
Registering precompiled user dll's ...
Registered in 0.000479 seconds.
Begin MonoManager ReloadAssembly
Native extension for WindowsStandalone target not found
Refreshing native plugins compatible for Editor in 0.29 ms, found 0 plugins.
Preloading 0 native plugins for Editor in 0.00 ms.
[ScriptCompilation] NOT recompiling all scripts because this is an import worker process. Reason to compile was: Define symbols changed
Invoked RoslynAnalysisRunner static constructor.
RoslynAnalysisRunner will not be running.
RoslynAnalysisRunner has terminated.
Mono: successfully reloaded assembly
- Completed reload, in  0.736 seconds
Platform modules already initialized, skipping
Refreshing native plugins compatible for Editor in 0.26 ms, found 0 plugins.
Preloading 0 native plugins for Editor in 0.00 ms.
Unloading 1241 Unused Serialized files (Serialized files now loaded: 0)
System memory in use before: 72.1 MB.
System memory in use after: 67.8 MB.

Unloading 26 unused Assets to reduce memory usage. Loaded Objects now: 1691.
Total: 4.189600 ms (FindLiveObjects: 0.145200 ms CreateObjectMapping: 0.038900 ms MarkObjects: 1.525900 ms  DeleteObjects: 2.478700 ms)

========================================================================
Received Prepare
Registering precompiled user dll's ...
Registered in 0.000483 seconds.
Begin MonoManager ReloadAssembly
Native extension for WindowsStandalone target not found
Refreshing native plugins compatible for Editor in 0.26 ms, found 0 plugins.
Preloading 0 native plugins for Editor in 0.00 ms.
Invoked RoslynAnalysisRunner static constructor.
RoslynAnalysisRunner will not be running.
RoslynAnalysisRunner has terminated.
Mono: successfully reloaded assembly
- Completed reload, in  0.748 seconds
Platform modules already initialized, skipping
Refreshing native plugins compatible for Editor in 0.27 ms, found 0 plugins.
Preloading 0 native plugins for Editor in 0.00 ms.
Unloading 1240 Unused Serialized files (Serialized files now loaded: 0)
System memory in use before: 72.0 MB.
System memory in use after: 67.7 MB.

Unloading 26 unused Assets to reduce memory usage. Loaded Objects now: 1694.
Total: 4.117300 ms (FindLiveObjects: 0.193600 ms CreateObjectMapping: 0.041200 ms MarkObjects: 1.383100 ms  DeleteObjects: 2.498700 ms)

========================================================================
Received Prepare
Registering precompiled user dll's ...
Registered in 0.000600 seconds.
Begin MonoManager ReloadAssembly
Native extension for WindowsStandalone target not found
Refreshing native plugins compatible for Editor in 0.24 ms, found 0 plugins.
Preloading 0 native plugins for Editor in 0.00 ms.
Invoked RoslynAnalysisRunner static constructor.
RoslynAnalysisRunner will not be running.
RoslynAnalysisRunner has terminated.
Mono: successfully reloaded assembly
- Completed reload, in  0.740 seconds
Platform modules already initialized, skipping
Refreshing native plugins compatible for Editor in 0.26 ms, found 0 plugins.
Preloading 0 native plugins for Editor in 0.00 ms.
Unloading 1240 Unused Serialized files (Serialized files now loaded: 0)
System memory in use before: 72.1 MB.
System memory in use after: 67.7 MB.

Unloading 26 unused Assets to reduce memory usage. Loaded Objects now: 1697.
Total: 4.541600 ms (FindLiveObjects: 0.154200 ms CreateObjectMapping: 0.039200 ms MarkObjects: 1.613800 ms  DeleteObjects: 2.733200 ms)

========================================================================
Received Import Request.
  Time since last request: 284.070239 seconds.
  path: Assets/Materials
  artifactKey: Guid(1f879ca703ca6704096276e09919e21e) Importer(815301076,1909f56bfc062723c751e8b465ee728b)
Start importing Assets/Materials using Guid(1f879ca703ca6704096276e09919e21e) Importer(815301076,1909f56bfc062723c751e8b465ee728b)  -> (artifact id: 'bf666d674351a79b09777b373ce36d4a') in 0.027910 seconds
  Import took 0.030116 seconds .

========================================================================
Received Prepare
Registering precompiled user dll's ...
Registered in 0.000621 seconds.
Begin MonoManager ReloadAssembly
Native extension for WindowsStandalone target not found
Refreshing native plugins compatible for Editor in 0.25 ms, found 0 plugins.
Preloading 0 native plugins for Editor in 0.00 ms.
Invoked RoslynAnalysisRunner static constructor.
RoslynAnalysisRunner will not be running.
RoslynAnalysisRunner has terminated.
Mono: successfully reloaded assembly
- Completed reload, in  0.717 seconds
Platform modules already initialized, skipping
Refreshing native plugins compatible for Editor in 0.26 ms, found 0 plugins.
Preloading 0 native plugins for Editor in 0.00 ms.
Unloading 1240 Unused Serialized files (Serialized files now loaded: 0)
System memory in use before: 72.0 MB.
System memory in use after: 67.7 MB.

Unloading 26 unused Assets to reduce memory usage. Loaded Objects now: 1700.
Total: 5.376500 ms (FindLiveObjects: 0.282800 ms CreateObjectMapping: 0.098100 ms MarkObjects: 1.715600 ms  DeleteObjects: 3.278100 ms)

========================================================================
Received Prepare
Registering precompiled user dll's ...
Registered in 0.000589 seconds.
Begin MonoManager ReloadAssembly
Native extension for WindowsStandalone target not found
Refreshing native plugins compatible for Editor in 0.25 ms, found 0 plugins.
Preloading 0 native plugins for Editor in 0.00 ms.
Invoked RoslynAnalysisRunner static constructor.
RoslynAnalysisRunner will not be running.
RoslynAnalysisRunner has terminated.
Mono: successfully reloaded assembly
- Completed reload, in  0.731 seconds
Platform modules already initialized, skipping
Refreshing native plugins compatible for Editor in 0.28 ms, found 0 plugins.
Preloading 0 native plugins for Editor in 0.00 ms.
Unloading 1240 Unused Serialized files (Serialized files now loaded: 0)
System memory in use before: 72.1 MB.
System memory in use after: 67.7 MB.

Unloading 26 unused Assets to reduce memory usage. Loaded Objects now: 1703.
Total: 4.331800 ms (FindLiveObjects: 0.203900 ms CreateObjectMapping: 0.060700 ms MarkObjects: 1.325900 ms  DeleteObjects: 2.740400 ms)

========================================================================
Received Import Request.
  Time since last request: 3200.371289 seconds.
  path: Assets/Prefabs/TestGame-0.mtl
  artifactKey: Guid(71bc69b1774d44049bb5b693837a5af7) Importer(815301076,1909f56bfc062723c751e8b465ee728b)
Start importing Assets/Prefabs/TestGame-0.mtl using Guid(71bc69b1774d44049bb5b693837a5af7) Importer(815301076,1909f56bfc062723c751e8b465ee728b)  -> (artifact id: 'b7050ffdb77efb8324581a9798c6849e') in 0.050586 seconds
  Import took 0.055404 seconds .

========================================================================
Received Import Request.
  Time since last request: 0.492337 seconds.
  path: Assets/Prefabs/TestGame-0.obj
  artifactKey: Guid(b39bcdaa50b24bb49a06ee8d4b525ff8) Importer(815301076,1909f56bfc062723c751e8b465ee728b)
Start importing Assets/Prefabs/TestGame-0.obj using Guid(b39bcdaa50b24bb49a06ee8d4b525ff8) Importer(815301076,1909f56bfc062723c751e8b465ee728b)  -> (artifact id: 'b15edbe5b3968a6a7c9c53b0dcddf9ac') in 0.160288 seconds
  Import took 0.162464 seconds .

========================================================================
Received Import Request.
  Time since last request: 3.218537 seconds.
  path: Assets/Prefabs
  artifactKey: Guid(69095bb85d3464942ac47279c9f3868d) Importer(815301076,1909f56bfc062723c751e8b465ee728b)
Start importing Assets/Prefabs using Guid(69095bb85d3464942ac47279c9f3868d) Importer(815301076,1909f56bfc062723c751e8b465ee728b)  -> (artifact id: '4dab85633e2995e2e926ce6eb83bedea') in 0.023152 seconds
  Import took 0.025255 seconds .

========================================================================
Received Import Request.
  Time since last request: 8.965523 seconds.
  path: Assets/Prefabs/Mdoels
  artifactKey: Guid(80732ba4e94860d44ad93b82f9060c54) Importer(815301076,1909f56bfc062723c751e8b465ee728b)
Start importing Assets/Prefabs/Mdoels using Guid(80732ba4e94860d44ad93b82f9060c54) Importer(815301076,1909f56bfc062723c751e8b465ee728b)  -> (artifact id: '6fe0713c09f58a5a1d594bbc1af1f15a') in 0.026102 seconds
  Import took 0.028009 seconds .

========================================================================
Received Import Request.
  Time since last request: 6.032615 seconds.
  path: Assets/Prefabs/Models
  artifactKey: Guid(80732ba4e94860d44ad93b82f9060c54) Importer(815301076,1909f56bfc062723c751e8b465ee728b)
Start importing Assets/Prefabs/Models using Guid(80732ba4e94860d44ad93b82f9060c54) Importer(815301076,1909f56bfc062723c751e8b465ee728b)  -> (artifact id: '3567e52e8449ecf2391157011d7dce78') in 0.024208 seconds
  Import took 0.026387 seconds .

========================================================================
Received Import Request.
  Time since last request: 6.287474 seconds.
  path: Assets/Prefabs/Models/TestGame-0.obj
  artifactKey: Guid(b39bcdaa50b24bb49a06ee8d4b525ff8) Importer(815301076,1909f56bfc062723c751e8b465ee728b)
Start importing Assets/Prefabs/Models/TestGame-0.obj using Guid(b39bcdaa50b24bb49a06ee8d4b525ff8) Importer(815301076,1909f56bfc062723c751e8b465ee728b)  -> (artifact id: 'db111c91b20b01898faeb24077305a4f') in 0.038659 seconds
  Import took 0.040661 seconds .

========================================================================
Received Prepare
Registering precompiled user dll's ...
Registered in 0.000744 seconds.
Begin MonoManager ReloadAssembly
Native extension for WindowsStandalone target not found
Refreshing native plugins compatible for Editor in 0.30 ms, found 0 plugins.
Preloading 0 native plugins for Editor in 0.00 ms.
Invoked RoslynAnalysisRunner static constructor.
RoslynAnalysisRunner will not be running.
RoslynAnalysisRunner has terminated.
Mono: successfully reloaded assembly
- Completed reload, in  0.758 seconds
Platform modules already initialized, skipping
Refreshing native plugins compatible for Editor in 0.26 ms, found 0 plugins.
Preloading 0 native plugins for Editor in 0.00 ms.
Unloading 1240 Unused Serialized files (Serialized files now loaded: 0)
System memory in use before: 73.3 MB.
System memory in use after: 68.9 MB.

Unloading 26 unused Assets to reduce memory usage. Loaded Objects now: 1740.
Total: 4.263200 ms (FindLiveObjects: 0.168600 ms CreateObjectMapping: 0.039800 ms MarkObjects: 1.335200 ms  DeleteObjects: 2.718500 ms)

========================================================================
Received Import Request.
  Time since last request: 27.706474 seconds.
  path: Assets/Prefabs/Models/TestGame-0.obj
  artifactKey: Guid(b39bcdaa50b24bb49a06ee8d4b525ff8) Importer(815301076,1909f56bfc062723c751e8b465ee728b)
Start importing Assets/Prefabs/Models/TestGame-0.obj using Guid(b39bcdaa50b24bb49a06ee8d4b525ff8) Importer(815301076,1909f56bfc062723c751e8b465ee728b)  -> (artifact id: 'a1147c9594b9211c6f9dc2704f2f2f0d') in 0.108852 seconds
  Import took 0.110992 seconds .

========================================================================
Received Import Request.
  Time since last request: 6.339201 seconds.
  path: Assets/Prefabs/Models/TestGame-0.obj
  artifactKey: Guid(b39bcdaa50b24bb49a06ee8d4b525ff8) Importer(815301076,1909f56bfc062723c751e8b465ee728b)
Start importing Assets/Prefabs/Models/TestGame-0.obj using Guid(b39bcdaa50b24bb49a06ee8d4b525ff8) Importer(815301076,1909f56bfc062723c751e8b465ee728b)  -> (artifact id: 'd3a0b9d63ba1c5d7cf5c3b168f0c8d57') in 0.040232 seconds
  Import took 0.042472 seconds .

========================================================================
Received Import Request.
  Time since last request: 10.298220 seconds.
  path: Assets/Prefabs/Models/TestGame-0.obj
  artifactKey: Guid(b39bcdaa50b24bb49a06ee8d4b525ff8) Importer(815301076,1909f56bfc062723c751e8b465ee728b)
Start importing Assets/Prefabs/Models/TestGame-0.obj using Guid(b39bcdaa50b24bb49a06ee8d4b525ff8) Importer(815301076,1909f56bfc062723c751e8b465ee728b)  -> (artifact id: 'f185704481fba36fa7ce31df25d9566f') in 0.039494 seconds
  Import took 0.041591 seconds .

========================================================================
Received Import Request.
  Time since last request: 12.787377 seconds.
  path: Assets/Prefabs/Models/TestGame-0.obj
  artifactKey: Guid(b39bcdaa50b24bb49a06ee8d4b525ff8) Importer(815301076,1909f56bfc062723c751e8b465ee728b)
Start importing Assets/Prefabs/Models/TestGame-0.obj using Guid(b39bcdaa50b24bb49a06ee8d4b525ff8) Importer(815301076,1909f56bfc062723c751e8b465ee728b)  -> (artifact id: 'b42a291f9b7c457e44cba51d04c4dbb5') in 0.046597 seconds
  Import took 0.048753 seconds .

========================================================================
Received Import Request.
  Time since last request: 35.381146 seconds.
  path: Assets/Prefabs/Models/TestGame-0.obj
  artifactKey: Guid(b39bcdaa50b24bb49a06ee8d4b525ff8) Importer(815301076,1909f56bfc062723c751e8b465ee728b)
Start importing Assets/Prefabs/Models/TestGame-0.obj using Guid(b39bcdaa50b24bb49a06ee8d4b525ff8) Importer(815301076,1909f56bfc062723c751e8b465ee728b)  -> (artifact id: '74f29330e5ee5819ac89f67be3699243') in 0.039994 seconds
  Import took 0.042480 seconds .

========================================================================
Received Prepare
Registering precompiled user dll's ...
Registered in 0.000717 seconds.
Begin MonoManager ReloadAssembly
Native extension for WindowsStandalone target not found
Refreshing native plugins compatible for Editor in 0.26 ms, found 0 plugins.
Preloading 0 native plugins for Editor in 0.00 ms.
Invoked RoslynAnalysisRunner static constructor.
RoslynAnalysisRunner will not be running.
RoslynAnalysisRunner has terminated.
Mono: successfully reloaded assembly
- Completed reload, in  0.721 seconds
Platform modules already initialized, skipping
Refreshing native plugins compatible for Editor in 0.27 ms, found 0 plugins.
Preloading 0 native plugins for Editor in 0.00 ms.
Unloading 1240 Unused Serialized files (Serialized files now loaded: 0)
System memory in use before: 73.2 MB.
System memory in use after: 69.0 MB.

Unloading 26 unused Assets to reduce memory usage. Loaded Objects now: 1744.
Total: 4.249200 ms (FindLiveObjects: 0.119600 ms CreateObjectMapping: 0.033800 ms MarkObjects: 1.437600 ms  DeleteObjects: 2.657400 ms)

========================================================================
Received Import Request.
  Time since last request: 299.327399 seconds.
  path: Assets/Prefabs/Models/TestGame-0.obj
  artifactKey: Guid(b39bcdaa50b24bb49a06ee8d4b525ff8) Importer(815301076,1909f56bfc062723c751e8b465ee728b)
Start importing Assets/Prefabs/Models/TestGame-0.obj using Guid(b39bcdaa50b24bb49a06ee8d4b525ff8) Importer(815301076,1909f56bfc062723c751e8b465ee728b)  -> (artifact id: '1be99bb210240fc920f25428e7edc406') in 0.112829 seconds
  Import took 0.115127 seconds .

========================================================================
Received Import Request.
  Time since last request: 54.852622 seconds.
  path: Assets/Prefabs/Models/TestGame-1.obj
  artifactKey: Guid(653ff93b80ee6d2408c571406c69c57b) Importer(815301076,1909f56bfc062723c751e8b465ee728b)
Start importing Assets/Prefabs/Models/TestGame-1.obj using Guid(653ff93b80ee6d2408c571406c69c57b) Importer(815301076,1909f56bfc062723c751e8b465ee728b)  -> (artifact id: 'bb3ac72619a6b0c332ad6baf9609a581') in 0.066677 seconds
  Import took 0.069118 seconds .

========================================================================
Received Import Request.
  Time since last request: 1.913819 seconds.
  path: Assets/Prefabs/Models/TestGame-1.obj
  artifactKey: Guid(653ff93b80ee6d2408c571406c69c57b) Importer(815301076,1909f56bfc062723c751e8b465ee728b)
Start importing Assets/Prefabs/Models/TestGame-1.obj using Guid(653ff93b80ee6d2408c571406c69c57b) Importer(815301076,1909f56bfc062723c751e8b465ee728b)  -> (artifact id: '9f183afa7390de1d686dcb8d2f972fe1') in 0.038085 seconds
  Import took 0.040287 seconds .

========================================================================
Received Import Request.
  Time since last request: 35.839674 seconds.
  path: Assets/Prefabs/Models/TestGame-0.obj
  artifactKey: Guid(b39bcdaa50b24bb49a06ee8d4b525ff8) Importer(815301076,1909f56bfc062723c751e8b465ee728b)
Start importing Assets/Prefabs/Models/TestGame-0.obj using Guid(b39bcdaa50b24bb49a06ee8d4b525ff8) Importer(815301076,1909f56bfc062723c751e8b465ee728b)  -> (artifact id: 'f76e7cd9e15892de0505002431411b19') in 0.043819 seconds
  Import took 0.047282 seconds .

========================================================================
Received Import Request.
  Time since last request: 0.000907 seconds.
  path: Assets/Prefabs/Models/TestGame-0.obj
  artifactKey: Guid(b39bcdaa50b24bb49a06ee8d4b525ff8) Importer(815301076,1909f56bfc062723c751e8b465ee728b)
Start importing Assets/Prefabs/Models/TestGame-0.obj using Guid(b39bcdaa50b24bb49a06ee8d4b525ff8) Importer(815301076,1909f56bfc062723c751e8b465ee728b)  -> (artifact id: 'f76e7cd9e15892de0505002431411b19') in 0.087959 seconds
  Import took 0.090101 seconds .

========================================================================
Received Import Request.
  Time since last request: 18.791120 seconds.
  path: Assets/Prefabs/Models/TestGame-0.png
  artifactKey: Guid(d76b7ce7a4382a04ab3dee14b4d1dc5d) Importer(815301076,1909f56bfc062723c751e8b465ee728b)
Start importing Assets/Prefabs/Models/TestGame-0.png using Guid(d76b7ce7a4382a04ab3dee14b4d1dc5d) Importer(815301076,1909f56bfc062723c751e8b465ee728b)  -> (artifact id: 'c4515b806dce93b16690dc08c9f334f4') in 0.036895 seconds
  Import took 0.039009 seconds .

========================================================================
Received Import Request.
  Time since last request: 0.031466 seconds.
  path: Assets/Prefabs/Models/TestGame-0.png
  artifactKey: Guid(d76b7ce7a4382a04ab3dee14b4d1dc5d) Importer(815301076,1909f56bfc062723c751e8b465ee728b)
Start importing Assets/Prefabs/Models/TestGame-0.png using Guid(d76b7ce7a4382a04ab3dee14b4d1dc5d) Importer(815301076,1909f56bfc062723c751e8b465ee728b)  -> (artifact id: 'c4515b806dce93b16690dc08c9f334f4') in 0.027455 seconds
  Import took 0.029722 seconds .

========================================================================
Received Import Request.
  Time since last request: 144.809964 seconds.
  path: Assets/Prefabs/Models/TestGame-0.obj
  artifactKey: Guid(b39bcdaa50b24bb49a06ee8d4b525ff8) Importer(815301076,1909f56bfc062723c751e8b465ee728b)
Start importing Assets/Prefabs/Models/TestGame-0.obj using Guid(b39bcdaa50b24bb49a06ee8d4b525ff8) Importer(815301076,1909f56bfc062723c751e8b465ee728b)  -> (artifact id: '8850c7e106561f0f8149ca13183bb4c2') in 0.041168 seconds
  Import took 0.043859 seconds .

========================================================================
Received Import Request.
  Time since last request: 25.587562 seconds.
  path: Assets/Prefabs/Models/TestGame-0.obj
  artifactKey: Guid(b39bcdaa50b24bb49a06ee8d4b525ff8) Importer(815301076,1909f56bfc062723c751e8b465ee728b)
Start importing Assets/Prefabs/Models/TestGame-0.obj using Guid(b39bcdaa50b24bb49a06ee8d4b525ff8) Importer(815301076,1909f56bfc062723c751e8b465ee728b)  -> (artifact id: 'dbf0cb3e643ef8b63e4b6ab67f17a05d') in 0.037687 seconds
  Import took 0.039912 seconds .

========================================================================
Received Import Request.
  Time since last request: 3.011888 seconds.
  path: Assets/Prefabs/Models/TestGame-0.obj
  artifactKey: Guid(b39bcdaa50b24bb49a06ee8d4b525ff8) Importer(815301076,1909f56bfc062723c751e8b465ee728b)
Start importing Assets/Prefabs/Models/TestGame-0.obj using Guid(b39bcdaa50b24bb49a06ee8d4b525ff8) Importer(815301076,1909f56bfc062723c751e8b465ee728b)  -> (artifact id: '35a251219fe573d0ed39ab69ffbc3016') in 0.041145 seconds
  Import took 0.043327 seconds .

========================================================================
Received Import Request.
  Time since last request: 4.167150 seconds.
  path: Assets/Prefabs/Models/TestGame-0.obj
  artifactKey: Guid(b39bcdaa50b24bb49a06ee8d4b525ff8) Importer(815301076,1909f56bfc062723c751e8b465ee728b)
Start importing Assets/Prefabs/Models/TestGame-0.obj using Guid(b39bcdaa50b24bb49a06ee8d4b525ff8) Importer(815301076,1909f56bfc062723c751e8b465ee728b)  -> (artifact id: 'd5824a53468a59cf6d74ad450376a836') in 0.059974 seconds
  Import took 0.062127 seconds .

========================================================================
Received Import Request.
  Time since last request: 108.568470 seconds.
  path: Assets/Prefabs/Models/TestGame-0.obj
  artifactKey: Guid(b39bcdaa50b24bb49a06ee8d4b525ff8) Importer(815301076,1909f56bfc062723c751e8b465ee728b)
Start importing Assets/Prefabs/Models/TestGame-0.obj using Guid(b39bcdaa50b24bb49a06ee8d4b525ff8) Importer(815301076,1909f56bfc062723c751e8b465ee728b)  -> (artifact id: '7cc5c388d333ec2313c481cb08c635d9') in 0.043367 seconds
  Import took 0.046157 seconds .

========================================================================
Received Prepare
Registering precompiled user dll's ...
Registered in 0.000567 seconds.
Begin MonoManager ReloadAssembly
Native extension for WindowsStandalone target not found
Refreshing native plugins compatible for Editor in 0.28 ms, found 0 plugins.
Preloading 0 native plugins for Editor in 0.00 ms.
Invoked RoslynAnalysisRunner static constructor.
RoslynAnalysisRunner will not be running.
RoslynAnalysisRunner has terminated.
Mono: successfully reloaded assembly
- Completed reload, in  0.812 seconds
Platform modules already initialized, skipping
Refreshing native plugins compatible for Editor in 0.26 ms, found 0 plugins.
Preloading 0 native plugins for Editor in 0.00 ms.
Unloading 1240 Unused Serialized files (Serialized files now loaded: 0)
System memory in use before: 73.4 MB.
System memory in use after: 69.0 MB.

Unloading 26 unused Assets to reduce memory usage. Loaded Objects now: 1750.
Total: 4.443400 ms (FindLiveObjects: 0.180300 ms CreateObjectMapping: 0.057000 ms MarkObjects: 1.512500 ms  DeleteObjects: 2.692600 ms)

========================================================================
Received Import Request.
  Time since last request: 323.287603 seconds.
  path: Assets/Prefabs/Models/TestGame-1.obj
  artifactKey: Guid(653ff93b80ee6d2408c571406c69c57b) Importer(815301076,1909f56bfc062723c751e8b465ee728b)
Start importing Assets/Prefabs/Models/TestGame-1.obj using Guid(653ff93b80ee6d2408c571406c69c57b) Importer(815301076,1909f56bfc062723c751e8b465ee728b)  -> (artifact id: '36c14f48f7dc6de583a36a248594a97f') in 0.116252 seconds
  Import took 0.118882 seconds .

========================================================================
Received Import Request.
  Time since last request: 6.743230 seconds.
  path: Assets/Prefabs/Models/TestGame-4.obj
  artifactKey: Guid(b102858db63fd004197416277371343e) Importer(815301076,1909f56bfc062723c751e8b465ee728b)
Start importing Assets/Prefabs/Models/TestGame-4.obj using Guid(b102858db63fd004197416277371343e) Importer(815301076,1909f56bfc062723c751e8b465ee728b)  -> (artifact id: '7251824839553a24c7f124a942514bff') in 0.046469 seconds
  Import took 0.049048 seconds .

========================================================================
Received Import Request.
  Time since last request: 2.309135 seconds.
  path: Assets/Prefabs/Models/TestGame-4.obj
  artifactKey: Guid(b102858db63fd004197416277371343e) Importer(815301076,1909f56bfc062723c751e8b465ee728b)
Start importing Assets/Prefabs/Models/TestGame-4.obj using Guid(b102858db63fd004197416277371343e) Importer(815301076,1909f56bfc062723c751e8b465ee728b)  -> (artifact id: '1d7ff401b3c15d18ea539c81ad506198') in 0.053306 seconds
  Import took 0.055763 seconds .

========================================================================
Received Prepare
Registering precompiled user dll's ...
Registered in 0.000530 seconds.
Begin MonoManager ReloadAssembly
Native extension for WindowsStandalone target not found
Refreshing native plugins compatible for Editor in 0.26 ms, found 0 plugins.
Preloading 0 native plugins for Editor in 0.00 ms.
Invoked RoslynAnalysisRunner static constructor.
RoslynAnalysisRunner will not be running.
RoslynAnalysisRunner has terminated.
Mono: successfully reloaded assembly
- Completed reload, in  0.740 seconds
Platform modules already initialized, skipping
Refreshing native plugins compatible for Editor in 0.27 ms, found 0 plugins.
Preloading 0 native plugins for Editor in 0.00 ms.
Unloading 1240 Unused Serialized files (Serialized files now loaded: 0)
System memory in use before: 73.3 MB.
System memory in use after: 69.0 MB.

Unloading 26 unused Assets to reduce memory usage. Loaded Objects now: 1754.
Total: 4.626300 ms (FindLiveObjects: 0.180200 ms CreateObjectMapping: 0.068800 ms MarkObjects: 1.475800 ms  DeleteObjects: 2.900300 ms)

========================================================================
Received Prepare
Registering precompiled user dll's ...
Registered in 0.000528 seconds.
Begin MonoManager ReloadAssembly
Native extension for WindowsStandalone target not found
Refreshing native plugins compatible for Editor in 0.30 ms, found 0 plugins.
Preloading 0 native plugins for Editor in 0.00 ms.
Invoked RoslynAnalysisRunner static constructor.
RoslynAnalysisRunner will not be running.
RoslynAnalysisRunner has terminated.
Mono: successfully reloaded assembly
- Completed reload, in  0.714 seconds
Platform modules already initialized, skipping
Refreshing native plugins compatible for Editor in 0.26 ms, found 0 plugins.
Preloading 0 native plugins for Editor in 0.00 ms.
Unloading 1240 Unused Serialized files (Serialized files now loaded: 0)
System memory in use before: 73.4 MB.
System memory in use after: 69.0 MB.

Unloading 26 unused Assets to reduce memory usage. Loaded Objects now: 1757.
Total: 5.484500 ms (FindLiveObjects: 0.169900 ms CreateObjectMapping: 0.041700 ms MarkObjects: 2.292200 ms  DeleteObjects: 2.980000 ms)

========================================================================
Received Prepare
Registering precompiled user dll's ...
Registered in 0.000621 seconds.
Begin MonoManager ReloadAssembly
Native extension for WindowsStandalone target not found
Refreshing native plugins compatible for Editor in 0.26 ms, found 0 plugins.
Preloading 0 native plugins for Editor in 0.00 ms.
Invoked RoslynAnalysisRunner static constructor.
RoslynAnalysisRunner will not be running.
RoslynAnalysisRunner has terminated.
Mono: successfully reloaded assembly
- Completed reload, in  0.762 seconds
Platform modules already initialized, skipping
Refreshing native plugins compatible for Editor in 0.28 ms, found 0 plugins.
Preloading 0 native plugins for Editor in 0.00 ms.
Unloading 1240 Unused Serialized files (Serialized files now loaded: 0)
System memory in use before: 73.4 MB.
System memory in use after: 69.0 MB.

Unloading 26 unused Assets to reduce memory usage. Loaded Objects now: 1760.
Total: 4.348200 ms (FindLiveObjects: 0.215900 ms CreateObjectMapping: 0.075900 ms MarkObjects: 1.424800 ms  DeleteObjects: 2.630600 ms)

========================================================================
Received Import Request.
  Time since last request: 632.169594 seconds.
  path: Assets/Prefabs/Models/TestGame-3.obj
  artifactKey: Guid(11139c540e3eae04abec913da74ba2e9) Importer(815301076,1909f56bfc062723c751e8b465ee728b)
Start importing Assets/Prefabs/Models/TestGame-3.obj using Guid(11139c540e3eae04abec913da74ba2e9) Importer(815301076,1909f56bfc062723c751e8b465ee728b)  -> (artifact id: '6ed4ca24946e6dfd7d62de148840d53f') in 0.145382 seconds
  Import took 0.147837 seconds .

========================================================================
Received Import Request.
  Time since last request: 2.648104 seconds.
  path: Assets/Prefabs/Models/TestGame-3.obj
  artifactKey: Guid(11139c540e3eae04abec913da74ba2e9) Importer(815301076,1909f56bfc062723c751e8b465ee728b)
Start importing Assets/Prefabs/Models/TestGame-3.obj using Guid(11139c540e3eae04abec913da74ba2e9) Importer(815301076,1909f56bfc062723c751e8b465ee728b)  -> (artifact id: 'aea4dd5b5a1dc4e0f341ba249357ae4a') in 0.039252 seconds
  Import took 0.041419 seconds .

========================================================================
Received Import Request.
  Time since last request: 23.209367 seconds.
  path: Assets/Prefabs/Models/TestGame-1.obj
  artifactKey: Guid(653ff93b80ee6d2408c571406c69c57b) Importer(815301076,1909f56bfc062723c751e8b465ee728b)
Start importing Assets/Prefabs/Models/TestGame-1.obj using Guid(653ff93b80ee6d2408c571406c69c57b) Importer(815301076,1909f56bfc062723c751e8b465ee728b)  -> (artifact id: '16ee199139574026948811368446a7ab') in 0.041275 seconds
  Import took 0.043459 seconds .

========================================================================
Received Import Request.
  Time since last request: 46.127173 seconds.
  path: Assets/Prefabs/Models/TestGame-2.obj
  artifactKey: Guid(2b376814fb7adbf42ab68e2d4b84866d) Importer(815301076,1909f56bfc062723c751e8b465ee728b)
Start importing Assets/Prefabs/Models/TestGame-2.obj using Guid(2b376814fb7adbf42ab68e2d4b84866d) Importer(815301076,1909f56bfc062723c751e8b465ee728b)  -> (artifact id: '02ce288ba87d5c004e890557233b49eb') in 0.050301 seconds
  Import took 0.052341 seconds .

========================================================================
Received Import Request.
  Time since last request: 3.343231 seconds.
  path: Assets/Prefabs/Models/TestGame-3.obj
  artifactKey: Guid(11139c540e3eae04abec913da74ba2e9) Importer(815301076,1909f56bfc062723c751e8b465ee728b)
Start importing Assets/Prefabs/Models/TestGame-3.obj using Guid(11139c540e3eae04abec913da74ba2e9) Importer(815301076,1909f56bfc062723c751e8b465ee728b)  -> (artifact id: '7e8b194611359e835da926dd739c8850') in 0.045173 seconds
  Import took 0.047381 seconds .

========================================================================
Received Import Request.
  Time since last request: 39.564347 seconds.
  path: Assets/Prefabs/Models/TestGame-2.obj
  artifactKey: Guid(2b376814fb7adbf42ab68e2d4b84866d) Importer(815301076,1909f56bfc062723c751e8b465ee728b)
Start importing Assets/Prefabs/Models/TestGame-2.obj using Guid(2b376814fb7adbf42ab68e2d4b84866d) Importer(815301076,1909f56bfc062723c751e8b465ee728b)  -> (artifact id: 'f2a7e1dda0af52ffebe95a61bd03baef') in 0.043164 seconds
  Import took 0.045617 seconds .

========================================================================
Received Import Request.
  Time since last request: 28.640403 seconds.
  path: Assets/Prefabs/Models/TestGame-3.mtl
  artifactKey: Guid(12d2fbd31a09491429801073d7b6e690) Importer(815301076,1909f56bfc062723c751e8b465ee728b)
Start importing Assets/Prefabs/Models/TestGame-3.mtl using Guid(12d2fbd31a09491429801073d7b6e690) Importer(815301076,1909f56bfc062723c751e8b465ee728b)  -> (artifact id: 'db1426e824f05aabe07984e4f7f01498') in 0.022777 seconds
  Import took 0.024899 seconds .

========================================================================
Received Import Request.
  Time since last request: 2.611519 seconds.
  path: Assets/Prefabs/Models/TestGame-3.obj
  artifactKey: Guid(11139c540e3eae04abec913da74ba2e9) Importer(815301076,1909f56bfc062723c751e8b465ee728b)
Start importing Assets/Prefabs/Models/TestGame-3.obj using Guid(11139c540e3eae04abec913da74ba2e9) Importer(815301076,1909f56bfc062723c751e8b465ee728b)  -> (artifact id: 'ccb84c9891ede8023a4cf3874728e29e') in 0.039913 seconds
  Import took 0.042318 seconds .

========================================================================
Received Prepare
Registering precompiled user dll's ...
Registered in 0.000574 seconds.
Begin MonoManager ReloadAssembly
Native extension for WindowsStandalone target not found
Refreshing native plugins compatible for Editor in 0.26 ms, found 0 plugins.
Preloading 0 native plugins for Editor in 0.00 ms.
Invoked RoslynAnalysisRunner static constructor.
RoslynAnalysisRunner will not be running.
RoslynAnalysisRunner has terminated.
Mono: successfully reloaded assembly
- Completed reload, in  0.743 seconds
Platform modules already initialized, skipping
Refreshing native plugins compatible for Editor in 0.33 ms, found 0 plugins.
Preloading 0 native plugins for Editor in 0.00 ms.
Unloading 1240 Unused Serialized files (Serialized files now loaded: 0)
System memory in use before: 73.5 MB.
System memory in use after: 69.1 MB.

Unloading 26 unused Assets to reduce memory usage. Loaded Objects now: 1764.
Total: 4.475700 ms (FindLiveObjects: 0.145100 ms CreateObjectMapping: 0.051200 ms MarkObjects: 1.573800 ms  DeleteObjects: 2.704900 ms)

========================================================================
Received Prepare
Registering precompiled user dll's ...
Registered in 0.000519 seconds.
Begin MonoManager ReloadAssembly
Native extension for WindowsStandalone target not found
Refreshing native plugins compatible for Editor in 0.26 ms, found 0 plugins.
Preloading 0 native plugins for Editor in 0.00 ms.
Invoked RoslynAnalysisRunner static constructor.
RoslynAnalysisRunner will not be running.
RoslynAnalysisRunner has terminated.
Mono: successfully reloaded assembly
- Completed reload, in  0.738 seconds
Platform modules already initialized, skipping
Refreshing native plugins compatible for Editor in 0.26 ms, found 0 plugins.
Preloading 0 native plugins for Editor in 0.00 ms.
Unloading 1240 Unused Serialized files (Serialized files now loaded: 0)
System memory in use before: 73.5 MB.
System memory in use after: 69.1 MB.

Unloading 26 unused Assets to reduce memory usage. Loaded Objects now: 1767.
Total: 4.421000 ms (FindLiveObjects: 0.142400 ms CreateObjectMapping: 0.040900 ms MarkObjects: 1.482300 ms  DeleteObjects: 2.754600 ms)

========================================================================
Received Import Request.
  Time since last request: 170.445248 seconds.
  path: Assets/Prefabs/Models/TestGame-1.mtl
  artifactKey: Guid(c09f6bef26dcb7e4782ecb171e0b5ae3) Importer(815301076,1909f56bfc062723c751e8b465ee728b)
Start importing Assets/Prefabs/Models/TestGame-1.mtl using Guid(c09f6bef26dcb7e4782ecb171e0b5ae3) Importer(815301076,1909f56bfc062723c751e8b465ee728b)  -> (artifact id: '0f10681ac38d36631649de84ae1bcd2d') in 0.031538 seconds
  Import took 0.033753 seconds .

========================================================================
Received Prepare
Registering precompiled user dll's ...
Registered in 0.000550 seconds.
Begin MonoManager ReloadAssembly
Native extension for WindowsStandalone target not found
Refreshing native plugins compatible for Editor in 0.43 ms, found 0 plugins.
Preloading 0 native plugins for Editor in 0.00 ms.
Invoked RoslynAnalysisRunner static constructor.
RoslynAnalysisRunner will not be running.
RoslynAnalysisRunner has terminated.
Mono: successfully reloaded assembly
- Completed reload, in  0.840 seconds
Platform modules already initialized, skipping
Refreshing native plugins compatible for Editor in 0.35 ms, found 0 plugins.
Preloading 0 native plugins for Editor in 0.00 ms.
Unloading 1240 Unused Serialized files (Serialized files now loaded: 0)
System memory in use before: 73.4 MB.
System memory in use after: 69.1 MB.

Unloading 26 unused Assets to reduce memory usage. Loaded Objects now: 1770.
Total: 6.316400 ms (FindLiveObjects: 0.293300 ms CreateObjectMapping: 0.078000 ms MarkObjects: 2.055900 ms  DeleteObjects: 3.887100 ms)

========================================================================
Received Prepare
Registering precompiled user dll's ...
Registered in 0.001007 seconds.
Begin MonoManager ReloadAssembly
Native extension for WindowsStandalone target not found
Refreshing native plugins compatible for Editor in 0.26 ms, found 0 plugins.
Preloading 0 native plugins for Editor in 0.00 ms.
Invoked RoslynAnalysisRunner static constructor.
RoslynAnalysisRunner will not be running.
RoslynAnalysisRunner has terminated.
Mono: successfully reloaded assembly
- Completed reload, in  0.743 seconds
Platform modules already initialized, skipping
Refreshing native plugins compatible for Editor in 0.26 ms, found 0 plugins.
Preloading 0 native plugins for Editor in 0.00 ms.
Unloading 1240 Unused Serialized files (Serialized files now loaded: 0)
System memory in use before: 73.5 MB.
System memory in use after: 69.1 MB.

Unloading 26 unused Assets to reduce memory usage. Loaded Objects now: 1773.
Total: 4.575500 ms (FindLiveObjects: 0.152700 ms CreateObjectMapping: 0.044200 ms MarkObjects: 1.438500 ms  DeleteObjects: 2.938900 ms)

AssetImportWorkerClient::OnTransportError - code=2 error=End of file
